ARM GAS  /tmp/ccJrkRBp.s 			page 1


   1              		.cpu cortex-m0plus
   2              		.arch armv6s-m
   3              		.fpu softvfp
   4              		.eabi_attribute 20, 1
   5              		.eabi_attribute 21, 1
   6              		.eabi_attribute 23, 3
   7              		.eabi_attribute 24, 1
   8              		.eabi_attribute 25, 1
   9              		.eabi_attribute 26, 1
  10              		.eabi_attribute 30, 4
  11              		.eabi_attribute 34, 0
  12              		.eabi_attribute 18, 4
  13              		.file	"experiment_final_p1.c"
  14              		.text
  15              		.global	__aeabi_ui2d
  16              		.global	__aeabi_dmul
  17              		.global	__aeabi_d2iz
  18              		.align	1
  19              		.global	convert12BitToPWMDutyCyclePercent
  20              		.syntax unified
  21              		.code	16
  22              		.thumb_func
  24              	convert12BitToPWMDutyCyclePercent:
  25              		@ args = 0, pretend = 0, frame = 0
  26              		@ frame_needed = 0, uses_anonymous_args = 0
  27 0000 10B5     		push	{r4, lr}
  28 0002 FFF7FEFF 		bl	__aeabi_ui2d
  29              		@ sp needed
  30 0006 0022     		movs	r2, #0
  31 0008 034B     		ldr	r3, .L2
  32 000a FFF7FEFF 		bl	__aeabi_dmul
  33 000e FFF7FEFF 		bl	__aeabi_d2iz
  34 0012 00B2     		sxth	r0, r0
  35 0014 10BD     		pop	{r4, pc}
  36              	.L3:
  37 0016 C046     		.align	2
  38              	.L2:
  39 0018 0000993F 		.word	1066991616
  41              		.align	1
  42              		.global	ADC_Configuration
  43              		.syntax unified
  44              		.code	16
  45              		.thumb_func
  47              	ADC_Configuration:
  48              		@ args = 0, pretend = 0, frame = 24
  49              		@ frame_needed = 0, uses_anonymous_args = 0
  50 001c F0B5     		push	{r4, r5, r6, r7, lr}
  51 001e 0127     		movs	r7, #1
  52 0020 0026     		movs	r6, #0
  53 0022 144C     		ldr	r4, .L8
  54 0024 87B0     		sub	sp, sp, #28
  55 0026 01A9     		add	r1, sp, #4
  56 0028 0500     		movs	r5, r0
  57 002a 2000     		movs	r0, r4
  58 002c 8E80     		strh	r6, [r1, #4]
  59 002e 0197     		str	r7, [sp, #4]
  60 0030 FFF7FEFF 		bl	ADC_Init
ARM GAS  /tmp/ccJrkRBp.s 			page 2


  61 0034 104B     		ldr	r3, .L8+4
  62 0036 2000     		movs	r0, r4
  63 0038 03A9     		add	r1, sp, #12
  64 003a 0593     		str	r3, [sp, #20]
  65 003c 0397     		str	r7, [sp, #12]
  66 003e 0496     		str	r6, [sp, #16]
  67 0040 FFF7FEFF 		bl	ADC_SetConvSeqAConfig
  68 0044 8023     		movs	r3, #128
  69 0046 A268     		ldr	r2, [r4, #8]
  70 0048 1B06     		lsls	r3, r3, #24
  71 004a 1343     		orrs	r3, r2
  72 004c A360     		str	r3, [r4, #8]
  73 004e 8023     		movs	r3, #128
  74 0050 A268     		ldr	r2, [r4, #8]
  75 0052 DB04     		lsls	r3, r3, #19
  76 0054 1343     		orrs	r3, r2
  77 0056 A360     		str	r3, [r4, #8]
  78              	.L5:
  79 0058 2A00     		movs	r2, r5
  80 005a 0021     		movs	r1, #0
  81 005c 0548     		ldr	r0, .L8
  82 005e FFF7FEFF 		bl	ADC_GetChannelConversionResult
  83 0062 0028     		cmp	r0, #0
  84 0064 F8D0     		beq	.L5
  85 0066 2900     		movs	r1, r5
  86 0068 0248     		ldr	r0, .L8
  87 006a FFF7FEFF 		bl	ADC_GetConvSeqAGlobalConversionResult
  88 006e 07B0     		add	sp, sp, #28
  89              		@ sp needed
  90 0070 F0BD     		pop	{r4, r5, r6, r7, pc}
  91              	.L9:
  92 0072 C046     		.align	2
  93              	.L8:
  94 0074 00C00140 		.word	1073856512
  95 0078 01000001 		.word	16777217
  97              		.align	1
  98              		.global	SysTick_Handler
  99              		.syntax unified
 100              		.code	16
 101              		.thumb_func
 103              	SysTick_Handler:
 104              		@ args = 0, pretend = 0, frame = 0
 105              		@ frame_needed = 0, uses_anonymous_args = 0
 106              		@ link register save eliminated.
 107 007c 034B     		ldr	r3, .L15
 108 007e 1A68     		ldr	r2, [r3]
 109 0080 002A     		cmp	r2, #0
 110 0082 02D0     		beq	.L10
 111 0084 1A68     		ldr	r2, [r3]
 112 0086 013A     		subs	r2, r2, #1
 113 0088 1A60     		str	r2, [r3]
 114              	.L10:
 115              		@ sp needed
 116 008a 7047     		bx	lr
 117              	.L16:
 118              		.align	2
 119              	.L15:
ARM GAS  /tmp/ccJrkRBp.s 			page 3


 120 008c 00000000 		.word	.LANCHOR0
 122              		.align	1
 123              		.global	SysTick_DelayTicks
 124              		.syntax unified
 125              		.code	16
 126              		.thumb_func
 128              	SysTick_DelayTicks:
 129              		@ args = 0, pretend = 0, frame = 0
 130              		@ frame_needed = 0, uses_anonymous_args = 0
 131              		@ link register save eliminated.
 132 0090 024B     		ldr	r3, .L20
 133 0092 1860     		str	r0, [r3]
 134              	.L18:
 135 0094 1A68     		ldr	r2, [r3]
 136 0096 002A     		cmp	r2, #0
 137 0098 FCD1     		bne	.L18
 138              		@ sp needed
 139 009a 7047     		bx	lr
 140              	.L21:
 141              		.align	2
 142              	.L20:
 143 009c 00000000 		.word	.LANCHOR0
 145              		.global	__aeabi_uidiv
 146              		.section	.rodata.str1.1,"aMS",%progbits,1
 147              	.LC4:
 148 0000 0A0A0A46 		.ascii	"\012\012\012Final Experiment - Part 1\015\012\000"
 148      696E616C 
 148      20457870 
 148      6572696D 
 148      656E7420 
 149              	.LC6:
 150 001f 7E7E7E7E 		.ascii	"~~~~~~~~~~~~~~~~~~~~~~~~~\015\012\012\012\000"
 150      7E7E7E7E 
 150      7E7E7E7E 
 150      7E7E7E7E 
 150      7E7E7E7E 
 151              	.LC8:
 152 003d 2320496E 		.ascii	"# Initialization\015\012\012\000"
 152      69746961 
 152      6C697A61 
 152      74696F6E 
 152      0D0A0A00 
 153              	.LC10:
 154 0051 09202A5B 		.ascii	"\011 *[INFO]: ADC Calibration Done.\015\012\000"
 154      494E464F 
 154      5D3A2041 
 154      44432043 
 154      616C6962 
 155              	.LC12:
 156 0074 09202A5B 		.ascii	"\011 *[INFO]: ADC Calibration Failed.\015\012\000"
 156      494E464F 
 156      5D3A2041 
 156      44432043 
 156      616C6962 
 157              	.LC14:
 158 0099 09202A5B 		.ascii	"\011 *[INFO]: ADC Configuration Done.\015\012\012\012"
 158      494E464F 
ARM GAS  /tmp/ccJrkRBp.s 			page 4


 158      5D3A2041 
 158      44432043 
 158      6F6E6669 
 159 00bf 00       		.ascii	"\000"
 160              	.LC16:
 161 00c0 5B494E46 		.ascii	"[INFO]: ADC Ch %d -> %d\015\012\000"
 161      4F5D3A20 
 161      41444320 
 161      43682025 
 161      64202D3E 
 162              	.LC18:
 163 00da 5B494E46 		.ascii	"[INFO]: PWM Duty Percent -> %d\015\012\000"
 163      4F5D3A20 
 163      50574D20 
 163      44757479 
 163      20506572 
 164              		.section	.text.startup,"ax",%progbits
 165              		.align	1
 166              		.global	main
 167              		.syntax unified
 168              		.code	16
 169              		.thumb_func
 171              	main:
 172              		@ args = 0, pretend = 0, frame = 32
 173              		@ frame_needed = 0, uses_anonymous_args = 0
 174 0000 70B5     		push	{r4, r5, r6, lr}
 175 0002 8AB0     		sub	sp, sp, #40
 176 0004 FFF7FEFF 		bl	BOARD_InitPins
 177 0008 FFF7FEFF 		bl	BOARD_InitBootClocks
 178 000c 8022     		movs	r2, #128
 179 000e 8025     		movs	r5, #128
 180 0010 4A4B     		ldr	r3, .L34
 181 0012 D201     		lsls	r2, r2, #7
 182 0014 D86F     		ldr	r0, [r3, #124]
 183 0016 6D04     		lsls	r5, r5, #17
 184 0018 0243     		orrs	r2, r0
 185 001a DA67     		str	r2, [r3, #124]
 186 001c DA6F     		ldr	r2, [r3, #124]
 187 001e 0124     		movs	r4, #1
 188 0020 2A43     		orrs	r2, r5
 189 0022 DA67     		str	r2, [r3, #124]
 190 0024 8022     		movs	r2, #128
 191 0026 D86F     		ldr	r0, [r3, #124]
 192 0028 5200     		lsls	r2, r2, #1
 193 002a 0243     		orrs	r2, r0
 194 002c DA67     		str	r2, [r3, #124]
 195 002e 8E22     		movs	r2, #142
 196 0030 1020     		movs	r0, #16
 197 0032 4349     		ldr	r1, .L34+4
 198 0034 9200     		lsls	r2, r2, #2
 199 0036 8B58     		ldr	r3, [r1, r2]
 200 0038 8343     		bics	r3, r0
 201 003a 8B50     		str	r3, [r1, r2]
 202 003c 414B     		ldr	r3, .L34+8
 203 003e 1C60     		str	r4, [r3]
 204 0040 FFF7FEFF 		bl	BOARD_InitDebugConsole
 205 0044 FA21     		movs	r1, #250
ARM GAS  /tmp/ccJrkRBp.s 			page 5


 206 0046 404B     		ldr	r3, .L34+12
 207 0048 8900     		lsls	r1, r1, #2
 208 004a 1868     		ldr	r0, [r3]
 209 004c FFF7FEFF 		bl	__aeabi_uidiv
 210 0050 0138     		subs	r0, r0, #1
 211 0052 A842     		cmp	r0, r5
 212 0054 3DD2     		bcs	.L23
 213 0056 C021     		movs	r1, #192
 214 0058 3C4A     		ldr	r2, .L34+16
 215 005a 0906     		lsls	r1, r1, #24
 216 005c 5060     		str	r0, [r2, #4]
 217 005e 3C48     		ldr	r0, .L34+20
 218 0060 0026     		movs	r6, #0
 219 0062 036A     		ldr	r3, [r0, #32]
 220 0064 1B02     		lsls	r3, r3, #8
 221 0066 1B0A     		lsrs	r3, r3, #8
 222 0068 0B43     		orrs	r3, r1
 223 006a 0362     		str	r3, [r0, #32]
 224 006c 0723     		movs	r3, #7
 225 006e 9660     		str	r6, [r2, #8]
 226 0070 0320     		movs	r0, #3
 227 0072 1360     		str	r3, [r2]
 228 0074 FFF7FEFF 		bl	CLOCK_GetFreq
 229 0078 364D     		ldr	r5, .L34+24
 230 007a 6860     		str	r0, [r5, #4]
 231 007c 03A8     		add	r0, sp, #12
 232 007e FFF7FEFF 		bl	SCTIMER_GetDefaultConfig
 233 0082 03A9     		add	r1, sp, #12
 234 0084 3448     		ldr	r0, .L34+28
 235 0086 FFF7FEFF 		bl	SCTIMER_Init
 236 008a 8123     		movs	r3, #129
 237 008c 6A46     		mov	r2, sp
 238 008e 5B00     		lsls	r3, r3, #1
 239 0090 1381     		strh	r3, [r2, #8]
 240 0092 2B00     		movs	r3, r5
 241 0094 0833     		adds	r3, r3, #8
 242 0096 9672     		strb	r6, [r2, #10]
 243 0098 0193     		str	r3, [sp, #4]
 244 009a 6B68     		ldr	r3, [r5, #4]
 245 009c 02A9     		add	r1, sp, #8
 246 009e 2200     		movs	r2, r4
 247 00a0 0093     		str	r3, [sp]
 248 00a2 2D48     		ldr	r0, .L34+28
 249 00a4 2D4B     		ldr	r3, .L34+32
 250 00a6 FFF7FEFF 		bl	SCTIMER_SetupPwm
 251 00aa 2D48     		ldr	r0, .L34+36
 252 00ac FFF7FEFF 		bl	DbgConsole_Printf
 253 00b0 2C48     		ldr	r0, .L34+40
 254 00b2 FFF7FEFF 		bl	DbgConsole_Printf
 255 00b6 2C48     		ldr	r0, .L34+44
 256 00b8 FFF7FEFF 		bl	DbgConsole_Printf
 257 00bc 0320     		movs	r0, #3
 258 00be FFF7FEFF 		bl	CLOCK_GetFreq
 259 00c2 0100     		movs	r1, r0
 260 00c4 2948     		ldr	r0, .L34+48
 261 00c6 FFF7FEFF 		bl	ADC_DoSelfCalibration
 262 00ca B042     		cmp	r0, r6
ARM GAS  /tmp/ccJrkRBp.s 			page 6


 263 00cc 02D1     		bne	.L24
 264 00ce 2848     		ldr	r0, .L34+52
 265 00d0 01E0     		b	.L33
 266              	.L23:
 267 00d2 FEE7     		b	.L23
 268              	.L24:
 269 00d4 2748     		ldr	r0, .L34+56
 270              	.L33:
 271 00d6 FFF7FEFF 		bl	DbgConsole_Printf
 272 00da 06A8     		add	r0, sp, #24
 273 00dc FFF7FEFF 		bl	ADC_Configuration
 274 00e0 2548     		ldr	r0, .L34+60
 275 00e2 FFF7FEFF 		bl	DbgConsole_Printf
 276              	.L28:
 277 00e6 8023     		movs	r3, #128
 278 00e8 204A     		ldr	r2, .L34+48
 279 00ea DB04     		lsls	r3, r3, #19
 280 00ec 9168     		ldr	r1, [r2, #8]
 281 00ee 0B43     		orrs	r3, r1
 282 00f0 9360     		str	r3, [r2, #8]
 283              	.L27:
 284 00f2 0021     		movs	r1, #0
 285 00f4 1D48     		ldr	r0, .L34+48
 286 00f6 06AA     		add	r2, sp, #24
 287 00f8 FFF7FEFF 		bl	ADC_GetChannelConversionResult
 288 00fc 0028     		cmp	r0, #0
 289 00fe F8D0     		beq	.L27
 290 0100 069A     		ldr	r2, [sp, #24]
 291 0102 0899     		ldr	r1, [sp, #32]
 292 0104 1D48     		ldr	r0, .L34+64
 293 0106 FFF7FEFF 		bl	DbgConsole_Printf
 294 010a 0698     		ldr	r0, [sp, #24]
 295 010c 80B2     		uxth	r0, r0
 296 010e FFF7FEFF 		bl	__aeabi_ui2d
 297 0112 0022     		movs	r2, #0
 298 0114 1A4B     		ldr	r3, .L34+68
 299 0116 FFF7FEFF 		bl	__aeabi_dmul
 300 011a FFF7FEFF 		bl	__aeabi_d2iz
 301 011e C4B2     		uxtb	r4, r0
 302 0120 2100     		movs	r1, r4
 303 0122 1848     		ldr	r0, .L34+72
 304 0124 FFF7FEFF 		bl	DbgConsole_Printf
 305 0128 2200     		movs	r2, r4
 306 012a 0221     		movs	r1, #2
 307 012c AB68     		ldr	r3, [r5, #8]
 308 012e 0A48     		ldr	r0, .L34+28
 309 0130 FFF7FEFF 		bl	SCTIMER_UpdatePwmDutycycle
 310 0134 0A20     		movs	r0, #10
 311 0136 FFF7FEFF 		bl	SysTick_DelayTicks
 312 013a D4E7     		b	.L28
 313              	.L35:
 314              		.align	2
 315              	.L34:
 316 013c 04800440 		.word	1074036740
 317 0140 00800440 		.word	1074036736
 318 0144 94800440 		.word	1074036884
 319 0148 00000000 		.word	SystemCoreClock
ARM GAS  /tmp/ccJrkRBp.s 			page 7


 320 014c 10E000E0 		.word	-536813552
 321 0150 00ED00E0 		.word	-536810240
 322 0154 00000000 		.word	.LANCHOR0
 323 0158 00400050 		.word	1342193664
 324 015c A0860100 		.word	100000
 325 0160 00000000 		.word	.LC4
 326 0164 1F000000 		.word	.LC6
 327 0168 3D000000 		.word	.LC8
 328 016c 00C00140 		.word	1073856512
 329 0170 74000000 		.word	.LC12
 330 0174 51000000 		.word	.LC10
 331 0178 99000000 		.word	.LC14
 332 017c C0000000 		.word	.LC16
 333 0180 0000993F 		.word	1066991616
 334 0184 DA000000 		.word	.LC18
 336              		.global	sctimerClock
 337              		.global	event0
 338              		.global	SysTickCounter
 339              		.bss
 340              		.align	2
 341              		.set	.LANCHOR0,. + 0
 344              	SysTickCounter:
 345 0000 00000000 		.space	4
 348              	sctimerClock:
 349 0004 00000000 		.space	4
 352              	event0:
 353 0008 00000000 		.space	4
 354              		.ident	"GCC: (Arm GNU Toolchain 12.3.Rel1 (Build arm-12.35)) 12.3.1 20230626"
ARM GAS  /tmp/ccJrkRBp.s 			page 8


DEFINED SYMBOLS
                            *ABS*:00000000 experiment_final_p1.c
     /tmp/ccJrkRBp.s:18     .text:00000000 $t
     /tmp/ccJrkRBp.s:24     .text:00000000 convert12BitToPWMDutyCyclePercent
     /tmp/ccJrkRBp.s:39     .text:00000018 $d
     /tmp/ccJrkRBp.s:41     .text:0000001c $t
     /tmp/ccJrkRBp.s:47     .text:0000001c ADC_Configuration
     /tmp/ccJrkRBp.s:94     .text:00000074 $d
     /tmp/ccJrkRBp.s:97     .text:0000007c $t
     /tmp/ccJrkRBp.s:103    .text:0000007c SysTick_Handler
     /tmp/ccJrkRBp.s:120    .text:0000008c $d
     /tmp/ccJrkRBp.s:122    .text:00000090 $t
     /tmp/ccJrkRBp.s:128    .text:00000090 SysTick_DelayTicks
     /tmp/ccJrkRBp.s:143    .text:0000009c $d
     /tmp/ccJrkRBp.s:165    .text.startup:00000000 $t
     /tmp/ccJrkRBp.s:171    .text.startup:00000000 main
     /tmp/ccJrkRBp.s:316    .text.startup:0000013c $d
     /tmp/ccJrkRBp.s:348    .bss:00000004 sctimerClock
     /tmp/ccJrkRBp.s:352    .bss:00000008 event0
     /tmp/ccJrkRBp.s:344    .bss:00000000 SysTickCounter
     /tmp/ccJrkRBp.s:340    .bss:00000000 $d

UNDEFINED SYMBOLS
__aeabi_ui2d
__aeabi_dmul
__aeabi_d2iz
ADC_Init
ADC_SetConvSeqAConfig
ADC_GetChannelConversionResult
ADC_GetConvSeqAGlobalConversionResult
__aeabi_uidiv
BOARD_InitPins
BOARD_InitBootClocks
BOARD_InitDebugConsole
CLOCK_GetFreq
SCTIMER_GetDefaultConfig
SCTIMER_Init
SCTIMER_SetupPwm
DbgConsole_Printf
ADC_DoSelfCalibration
SCTIMER_UpdatePwmDutycycle
SystemCoreClock
